    Student GPSS/H Release 3.70 (PR221)     11 May 2019   16:34:15     File: 4.gps

    Line# Stmt#  If Do  Block#  *Loc	Operation	A,B,C,D,E,F,G	Comments  
 
        1     1                         SIMULATE
        2     2                         INITIAL    X$NNN,15
        3     3              1          GENERATE   ,,,1,10
        4     4              2    LAB1  TEST L     CH$BUF,X$NNN
        5     5              3          ADVANCE    10
        6     6              4          SPLIT      1,LAB1
        7     7              5          LINK       BUF,FIFO
        8     8                  
        9     9              6          GENERATE   ,,,1,5
       10    10              7    LAB2  TEST G     CH$BUF,0
       11    11              8          UNLINK     BUF,LAB3,1
       12    12              9          TERMINATE
       13    13                  
       14    14             10    LAB3  SEIZE      CPU
       15    15             11          ADVANCE    25,5
       16    16             12          RELEASE    CPU
       17    17             13          TRANSFER   .02,LAB5,LAB4
       18    18             14    LAB4  UNLINK     BUF,LAB6,ALL
       19    19             15    LAB5  PRIORITY   5
       20    20             16          TRANSFER   ,LAB2
       21    21                  
       22    22             17    LAB6  TERMINATE
       23    23                  
       24    24             18          GENERATE   40000000
       25    25             19          TERMINATE  1
       26    26                         START      1
       27    27                         ENDа
                                        +
*** ERROR  4 - Unrecognizable statement
 
       28    27                 	END		(COMPILER-GENERATED STATEMENT.  YOU FORGOT THIS.)
 
*** WARNING  5 - Unexpected end-of-file in source stream
 

Entity Dictionary (in ascending order by entity number; "*" => value conflict.)

       Facilities: 1=CPU

 Fullword Savexes: 1=NNN

      User Chains: 1=BUF

Symbol   Value   EQU Defns  Context      References by Statement Number
 
LAB1         2           4  Block            6
LAB2         7          10  Block           20
LAB3        10          14  Block           11
LAB4        14          18  Block           17
LAB5        15          19  Block           17
LAB6        17          22  Block           18
 
CPU          1              Facility        14    16
 
NNN          1              Fullword Svx     2     4
 
BUF          1              User Chain       4     7    10    11    18



Storage Requirements (Bytes)

Compiled Code:     1040
Compiled Data:      140
Miscellaneous:        0
Entities:           376
Common:           10000
-----------------------
Total:            11556



GPSS/H Model Size:

Control Statements      4
Blocks                 19


One syntactic error
